<?xml version="1.0" encoding="UTF-8"?>
<!-- Generated by org.testng.reporters.JUnitReportReporter -->
<testsuite hostname="MBP-0196s-MacBook-Pro.local" failures="0" tests="2" name="tests.testNG.TestNGHooksTest" time="0.258" errors="0" timestamp="2022-12-04T17:10:58 ICT" skipped="0">
  <testcase classname="tests.testNG.TestNGHooksTest" name="testA2" time="0.255"/>
  <system-out/>
  <testcase classname="tests.testNG.TestNGHooksTest" name="testA1" time="0.003"/>
  <system-out/>
</testsuite> <!-- tests.testNG.TestNGHooksTest -->
