<?xml version="1.0" encoding="UTF-8"?>
<!-- Generated by org.testng.reporters.JUnitReportReporter -->
<testsuite hostname="MBP-0196s-MacBook-Pro.local" failures="0" tests="4" name="tests.authen.LoginTestWithBaseTest" time="26.282" errors="0" timestamp="2022-12-04T23:11:51 ICT" skipped="0">
  <testcase classname="tests.authen.LoginTestWithBaseTest" name="TestLogin" time="3.604"/>
  <system-out/>
  <testcase classname="tests.authen.LoginTestWithBaseTest" name="TestLogin" time="4.865"/>
  <system-out/>
  <testcase classname="tests.authen.LoginTestWithBaseTest" name="TestLogin" time="6.282"/>
  <system-out/>
  <testcase classname="tests.authen.LoginTestWithBaseTest" name="TestLogin" time="11.531"/>
  <system-out/>
</testsuite> <!-- tests.authen.LoginTestWithBaseTest -->
